<?xml version="1.0" encoding="UTF-8"?>
<!-- Generated by org.testng.reporters.JUnitReportReporter -->
<testsuite hostname="Arunsobh" failures="0" tests="2" name="com.Restaurant.TestCases.VerifyProductPage" time="4.952" errors="0" timestamp="2022-12-14T08:49:50 IST" skipped="0">
  <testcase classname="com.Restaurant.TestCases.VerifyProductPage" name="VerifySelectEachElements" time="0.917"/>
  <system-out/>
  <testcase classname="com.Restaurant.TestCases.VerifyProductPage" name="VerifyProduct" time="4.035"/>
  <system-out/>
</testsuite> <!-- com.Restaurant.TestCases.VerifyProductPage -->
